<?xml version="1.0" encoding="UTF-8"?>
<!-- Generated by org.testng.reporters.JUnitReportReporter -->
<testsuite hostname="DESKTOP-DF79S8Q" failures="0" tests="4" name="testmethod.AdactinExecution" time="7.756" errors="0" timestamp="05 Dec 2021 06:56:47 GMT" skipped="0">
  <testcase classname="testmethod.AdactinExecution" name="loginWithValidCredentias" time="1.501"/>
  <testcase classname="testmethod.AdactinExecution" name="loginWithInValidCredentias" time="1.781"/>
  <testcase classname="testmethod.AdactinExecution" name="loginWithInValidCredentias" time="2.251"/>
  <testcase classname="testmethod.AdactinExecution" name="loginWithValidCredentias" time="2.223"/>
</testsuite> <!-- testmethod.AdactinExecution -->
